SF:lib/providers/api_token_service.dart
DA:13,0
DA:32,0
DA:33,0
DA:39,6
DA:41,1
DA:43,1
DA:44,3
DA:46,2
DA:52,8
DA:53,2
DA:54,2
DA:59,5
DA:60,1
DA:61,1
DA:72,1
DA:81,0
DA:82,0
DA:83,0
DA:84,0
DA:85,0
DA:87,0
DA:88,0
DA:90,0
DA:91,0
DA:95,0
DA:96,0
DA:97,0
DA:98,0
DA:99,0
DA:100,0
DA:101,0
DA:102,0
DA:110,0
DA:112,0
DA:114,0
DA:115,0
DA:116,0
DA:119,0
DA:120,0
DA:122,0
DA:124,0
DA:126,0
DA:130,0
DA:131,0
DA:132,0
DA:133,0
DA:136,0
DA:141,0
DA:142,0
DA:143,0
DA:148,0
DA:151,0
DA:152,0
DA:153,0
DA:155,0
DA:159,0
DA:161,0
DA:162,0
DA:164,0
DA:167,0
DA:171,0
DA:172,0
DA:173,0
DA:175,0
DA:177,0
DA:178,0
DA:180,0
DA:182,0
DA:183,0
DA:184,0
DA:185,0
DA:187,0
DA:188,0
DA:190,0
DA:192,0
DA:193,0
DA:194,0
DA:195,0
DA:197,0
DA:200,0
DA:205,0
DA:211,0
DA:212,0
DA:218,0
DA:219,0
DA:220,0
DA:223,0
DA:225,0
DA:226,0
DA:229,0
DA:230,0
DA:232,0
DA:233,0
DA:236,0
DA:239,0
DA:241,0
DA:242,0
DA:243,0
DA:245,0
DA:246,0
DA:250,0
DA:253,0
DA:254,0
DA:255,0
DA:256,0
DA:257,0
DA:261,0
DA:264,0
DA:265,0
DA:266,0
DA:267,0
DA:268,0
DA:272,0
DA:275,0
DA:276,0
DA:278,0
DA:279,0
DA:280,0
DA:281,0
DA:282,0
DA:286,0
DA:289,0
DA:291,0
DA:295,0
DA:300,0
DA:301,0
DA:302,0
DA:303,0
DA:304,0
DA:305,0
DA:309,0
DA:310,0
DA:311,0
DA:312,0
DA:313,0
DA:317,0
DA:318,0
DA:320,0
DA:321,0
DA:323,0
DA:324,0
DA:326,0
DA:329,0
DA:333,0
DA:334,0
DA:336,0
DA:339,0
DA:345,0
DA:349,0
DA:350,0
DA:351,0
DA:355,0
DA:358,0
DA:361,0
DA:362,0
DA:367,0
DA:368,0
DA:374,0
DA:375,0
DA:381,0
DA:382,0
DA:391,0
DA:392,0
DA:393,0
DA:396,0
LF:165
LH:12
end_of_record
SF:lib/core/error_state.dart
DA:21,9
DA:42,6
DA:55,6
DA:62,6
DA:66,6
DA:67,6
DA:68,6
DA:69,6
DA:70,6
DA:76,0
DA:87,0
DA:88,0
DA:89,0
DA:90,0
DA:91,0
DA:92,0
DA:93,0
DA:94,0
DA:95,0
DA:96,0
DA:100,0
DA:102,0
DA:105,0
DA:109,0
DA:110,0
DA:111,0
DA:112,0
DA:113,0
DA:114,0
DA:115,0
DA:116,0
DA:117,0
DA:120,0
DA:122,0
DA:123,0
DA:124,0
DA:125,0
DA:126,0
DA:127,0
DA:128,0
DA:129,0
DA:175,6
DA:176,6
LF:43
LH:11
end_of_record
SF:lib/core/error_utils.dart
DA:15,1
DA:21,1
DA:22,1
DA:26,1
DA:30,1
DA:36,1
DA:37,1
DA:39,1
DA:40,1
DA:43,1
DA:47,1
DA:49,1
DA:53,1
DA:55,1
DA:64,2
DA:65,1
DA:66,2
DA:72,1
DA:81,2
DA:82,2
DA:83,1
DA:92,1
DA:93,1
DA:94,1
DA:95,1
DA:97,1
DA:99,1
DA:101,1
DA:103,1
DA:105,0
DA:111,1
DA:114,1
DA:123,1
DA:130,1
DA:131,1
DA:132,2
DA:135,1
DA:137,1
DA:139,1
DA:140,1
DA:149,3
DA:151,1
DA:152,0
DA:154,1
DA:155,0
DA:157,1
DA:158,1
DA:160,0
DA:161,0
DA:166,2
DA:175,1
DA:180,1
DA:203,1
DA:207,1
DA:209,3
DA:211,1
DA:212,1
DA:213,1
DA:215,3
DA:221,1
DA:226,1
DA:237,1
DA:239,1
DA:245,1
DA:248,1
DA:252,1
DA:253,1
DA:255,1
DA:257,1
DA:262,1
DA:265,1
DA:266,2
DA:268,1
DA:273,0
DA:278,1
DA:279,1
DA:280,1
DA:285,0
DA:293,0
DA:302,0
DA:307,0
DA:314,0
DA:317,0
DA:321,0
DA:322,0
DA:328,1
DA:335,1
DA:336,1
DA:339,1
DA:341,1
DA:345,0
DA:349,0
DA:350,0
DA:360,1
DA:362,2
DA:367,1
DA:372,1
DA:377,1
DA:382,1
DA:386,1
DA:388,2
DA:391,1
DA:393,1
DA:394,2
DA:396,1
DA:401,1
DA:407,1
DA:408,1
DA:409,1
DA:411,1
DA:413,1
DA:415,1
DA:417,1
DA:419,0
DA:426,1
DA:427,1
DA:428,1
DA:433,1
DA:440,1
DA:442,1
DA:445,1
DA:448,1
DA:453,1
DA:454,0
LF:124
LH:105
end_of_record
SF:lib/core/global_error_handler.dart
DA:14,6
DA:15,6
DA:16,6
DA:17,6
DA:18,4
DA:19,6
DA:20,4
DA:21,6
DA:22,4
DA:23,6
DA:24,5
DA:26,4
DA:31,6
DA:32,6
DA:33,6
DA:38,6
DA:43,4
DA:44,4
DA:45,4
DA:50,12
DA:51,4
DA:56,4
DA:57,4
DA:58,4
DA:63,8
DA:64,4
DA:66,4
DA:68,4
DA:69,4
DA:75,4
DA:76,4
DA:77,4
DA:82,8
DA:83,4
DA:85,4
DA:90,5
DA:91,5
DA:94,5
DA:96,0
DA:97,5
DA:99,0
DA:100,5
DA:102,5
DA:103,10
DA:105,5
DA:110,5
DA:114,3
DA:115,6
DA:117,3
DA:122,3
DA:128,4
DA:129,4
DA:130,4
DA:135,4
DA:140,5
DA:142,5
DA:144,0
DA:146,0
DA:148,0
DA:151,0
DA:158,3
DA:163,0
DA:169,3
DA:170,0
DA:173,3
DA:175,2
DA:177,0
DA:178,0
DA:180,0
DA:182,0
DA:190,2
DA:194,2
DA:198,0
DA:203,0
DA:205,0
DA:206,0
DA:207,0
DA:208,0
DA:209,0
DA:211,0
DA:212,0
DA:216,0
DA:219,0
DA:225,3
DA:226,3
DA:227,3
DA:229,3
DA:230,3
DA:231,2
DA:232,2
DA:233,1
DA:239,3
DA:240,3
DA:241,3
DA:243,9
DA:244,3
DA:245,0
DA:246,0
DA:248,9
DA:255,1
DA:256,1
LF:101
LH:76
end_of_record
SF:lib/core/session_manager.dart
DA:14,2
DA:20,8
DA:23,0
DA:24,0
DA:28,0
DA:31,0
DA:32,0
DA:39,1
DA:40,4
DA:45,0
DA:46,0
DA:47,0
DA:49,0
DA:53,0
DA:54,0
DA:55,0
DA:57,0
DA:62,0
DA:63,0
DA:64,0
DA:65,0
DA:66,0
DA:67,0
DA:69,0
DA:70,0
DA:85,0
DA:86,0
DA:87,0
DA:88,0
DA:97,1
DA:98,1
DA:104,0
DA:109,0
DA:114,0
DA:119,0
DA:122,0
DA:123,0
DA:125,0
DA:127,0
DA:131,0
DA:134,0
DA:135,0
DA:141,1
DA:142,2
DA:143,1
LF:45
LH:9
end_of_record
SF:lib/utils/http_util.dart
DA:10,0
DA:15,0
DA:18,0
DA:21,0
DA:24,0
DA:29,0
DA:34,0
DA:35,0
DA:41,0
DA:48,0
DA:49,0
DA:55,0
DA:62,0
DA:63,0
DA:69,0
DA:76,0
DA:77,0
DA:83,0
DA:84,0
DA:85,0
DA:86,0
DA:89,0
DA:91,0
DA:92,0
DA:93,0
DA:97,0
DA:98,0
DA:99,0
DA:100,0
DA:101,0
DA:102,0
DA:104,0
DA:105,0
DA:110,0
DA:111,0
DA:112,0
DA:113,0
DA:114,0
DA:115,0
DA:116,0
DA:117,0
DA:118,0
DA:123,0
DA:124,0
DA:125,0
DA:126,0
DA:127,0
DA:128,0
DA:129,0
DA:132,0
DA:133,0
DA:135,0
DA:136,0
DA:141,0
DA:142,0
DA:143,0
DA:144,0
DA:145,0
DA:146,0
DA:148,0
DA:149,0
DA:154,0
DA:155,0
DA:156,0
DA:157,0
DA:158,0
DA:159,0
DA:160,0
DA:161,0
DA:162,0
DA:163,0
DA:165,0
DA:166,0
DA:173,0
DA:174,0
DA:176,0
DA:177,0
DA:180,0
DA:181,0
DA:182,0
DA:185,0
DA:186,0
DA:187,0
DA:192,0
DA:196,0
DA:200,0
DA:203,0
DA:204,0
DA:207,0
DA:209,0
DA:210,0
DA:216,0
DA:217,0
DA:223,0
DA:224,0
DA:230,0
DA:231,0
DA:232,0
DA:233,0
DA:234,0
DA:239,0
DA:240,0
DA:247,0
DA:256,0
DA:257,0
DA:258,0
DA:259,0
DA:261,0
DA:262,0
DA:263,0
DA:264,0
DA:265,0
DA:267,0
DA:268,0
DA:270,0
DA:278,0
DA:281,0
DA:282,0
DA:284,0
DA:286,0
DA:287,0
DA:288,0
DA:289,0
DA:290,0
DA:293,0
DA:295,0
DA:296,0
DA:297,0
DA:298,0
DA:304,0
DA:306,0
DA:308,0
DA:314,0
DA:316,0
DA:317,0
DA:321,0
DA:323,0
DA:325,0
DA:329,0
DA:331,0
DA:332,0
DA:340,0
DA:341,0
DA:342,0
DA:343,0
DA:345,0
DA:348,0
DA:349,0
DA:350,0
DA:363,0
DA:367,0
DA:368,0
DA:369,0
DA:370,0
DA:371,0
DA:373,0
DA:376,0
DA:378,0
DA:381,0
DA:394,1
DA:395,1
DA:401,0
DA:403,0
DA:404,0
DA:409,0
DA:410,0
DA:415,0
DA:416,0
DA:421,0
DA:425,0
DA:428,0
DA:429,0
DA:431,0
DA:432,0
DA:433,0
DA:434,0
DA:435,0
DA:437,0
DA:438,0
DA:439,0
DA:440,0
DA:441,0
DA:448,0
DA:451,0
DA:452,0
DA:453,0
DA:455,0
DA:457,0
DA:458,0
DA:459,0
DA:460,0
DA:461,0
DA:464,0
DA:466,0
DA:467,0
DA:468,0
DA:469,0
DA:471,0
DA:475,0
DA:477,0
DA:479,0
DA:485,0
DA:486,0
DA:487,0
DA:488,0
DA:489,0
DA:498,0
DA:499,0
DA:500,0
DA:501,0
DA:502,0
DA:504,0
DA:507,0
DA:508,0
DA:509,0
DA:510,0
DA:523,0
DA:528,0
DA:529,0
DA:531,0
DA:538,1
DA:539,1
DA:540,1
DA:545,1
DA:546,1
DA:547,1
DA:557,4
DA:563,0
DA:565,0
DA:572,4
DA:574,0
DA:575,0
LF:232
LH:10
end_of_record
SF:lib/providers/app_providers.dart
DA:17,0
DA:18,0
DA:21,0
DA:22,0
DA:24,0
DA:30,0
DA:35,0
DA:36,0
DA:42,0
DA:45,0
DA:51,0
DA:52,0
DA:59,0
DA:62,0
DA:68,0
DA:69,0
DA:76,0
DA:79,0
DA:80,0
DA:81,0
DA:85,0
DA:88,0
DA:89,0
DA:94,0
DA:95,0
DA:96,0
DA:97,0
DA:98,0
DA:99,0
DA:100,0
DA:101,0
DA:105,0
DA:111,0
DA:112,0
DA:113,0
DA:123,0
DA:128,0
DA:131,0
DA:132,0
DA:133,0
DA:134,0
DA:135,0
DA:138,0
DA:139,0
DA:140,0
DA:141,0
DA:144,0
DA:145,0
DA:146,0
DA:147,0
DA:151,0
DA:152,0
DA:153,0
DA:156,0
DA:157,0
DA:158,0
DA:163,0
DA:164,0
DA:165,0
DA:166,0
DA:170,0
DA:171,0
DA:172,0
DA:173,0
DA:174,0
DA:178,0
DA:180,0
DA:181,0
DA:188,0
DA:189,0
DA:190,0
DA:192,0
DA:196,0
DA:197,0
DA:198,0
DA:199,0
DA:201,0
DA:209,0
DA:210,0
DA:213,0
DA:214,0
DA:217,0
DA:220,0
DA:221,0
DA:222,0
DA:223,0
DA:225,0
DA:227,0
DA:229,0
DA:231,0
DA:233,0
DA:235,0
DA:236,0
DA:237,0
DA:238,0
DA:239,0
DA:240,0
DA:245,0
DA:246,0
DA:247,0
DA:251,0
DA:252,0
DA:253,0
DA:254,0
DA:255,0
DA:261,0
DA:262,0
DA:263,0
DA:264,0
DA:265,0
DA:266,0
DA:267,0
DA:271,0
DA:272,0
DA:273,0
DA:282,0
DA:283,0
DA:284,0
DA:285,0
DA:286,0
DA:292,0
DA:293,0
DA:294,0
DA:295,0
DA:302,0
DA:303,0
DA:304,0
DA:305,0
DA:320,9
DA:327,0
DA:333,0
DA:334,0
DA:335,0
DA:336,0
DA:337,0
DA:343,0
DA:344,0
DA:345,0
DA:346,0
DA:348,0
DA:349,0
DA:350,0
DA:364,6
DA:365,3
DA:369,3
DA:372,6
DA:373,3
DA:374,6
DA:375,6
DA:378,0
DA:379,0
DA:380,0
DA:383,0
DA:384,0
DA:388,0
DA:391,0
DA:392,0
DA:393,0
DA:407,0
DA:416,0
DA:418,0
DA:422,0
DA:426,0
DA:431,0
DA:432,0
DA:434,0
DA:441,0
DA:442,0
DA:444,0
DA:445,0
DA:446,0
DA:447,0
DA:453,0
DA:454,0
DA:455,0
DA:460,0
DA:464,0
DA:466,0
DA:473,3
DA:476,6
DA:477,0
DA:482,0
DA:483,0
DA:485,0
DA:486,0
DA:487,0
DA:488,0
DA:492,0
DA:494,0
DA:495,0
DA:496,0
DA:497,0
DA:510,0
DA:512,0
DA:515,0
DA:518,0
DA:521,0
DA:522,0
DA:523,0
DA:533,0
DA:535,0
DA:537,0
DA:538,0
DA:541,0
DA:556,12
DA:557,6
DA:558,3
DA:562,0
DA:563,0
DA:564,0
DA:565,0
DA:569,0
DA:570,0
DA:571,0
DA:575,0
DA:582,0
DA:583,0
DA:585,0
DA:587,0
DA:588,0
DA:589,0
DA:590,0
DA:594,0
DA:595,0
DA:598,0
DA:601,0
DA:603,0
DA:604,0
DA:605,0
DA:607,0
DA:611,0
DA:612,0
DA:613,0
DA:614,0
DA:616,0
DA:617,0
DA:619,0
DA:620,0
DA:622,0
DA:626,0
DA:631,0
DA:635,0
DA:636,0
DA:638,0
DA:639,0
DA:640,0
DA:645,0
DA:646,0
DA:648,0
DA:650,0
DA:651,0
DA:652,0
DA:653,0
DA:654,0
DA:656,0
DA:657,0
DA:659,0
DA:661,0
DA:664,0
DA:669,0
DA:676,0
DA:677,0
DA:679,0
DA:680,0
DA:682,0
DA:683,0
DA:687,0
DA:690,0
DA:692,0
DA:695,0
DA:697,0
DA:698,0
DA:701,0
DA:706,0
DA:707,0
DA:708,0
DA:709,0
DA:711,0
DA:712,0
DA:715,0
DA:716,0
DA:718,0
DA:719,0
DA:720,0
DA:721,0
DA:722,0
DA:726,0
DA:727,0
DA:730,0
DA:734,0
DA:735,0
DA:738,0
DA:743,0
DA:744,0
DA:745,0
DA:747,0
DA:748,0
DA:752,0
DA:754,0
DA:759,0
DA:760,0
DA:761,0
DA:763,0
DA:764,0
DA:768,0
DA:770,0
DA:775,0
DA:776,0
DA:777,0
DA:779,0
DA:780,0
DA:781,0
DA:785,0
DA:786,0
DA:788,0
DA:789,0
DA:790,0
DA:791,0
DA:792,0
DA:793,0
DA:794,0
DA:795,0
DA:796,0
DA:797,0
DA:807,0
DA:808,0
DA:809,0
DA:810,0
DA:811,0
DA:814,0
DA:816,0
DA:818,0
DA:821,0
DA:822,0
DA:823,0
DA:826,0
DA:828,0
DA:833,0
DA:834,0
DA:835,0
DA:836,0
DA:837,0
DA:840,0
DA:842,0
DA:844,0
DA:847,0
DA:848,0
DA:849,0
DA:852,0
DA:854,0
DA:860,0
DA:861,0
DA:862,0
LF:353
LH:13
end_of_record
SF:lib/providers/secure_storage_provider.dart
DA:4,12
LF:1
LH:1
end_of_record
SF:lib/providers/shared_prefs_provider.dart
DA:4,0
DA:5,0
DA:8,0
DA:9,0
DA:10,0
DA:11,0
DA:12,0
DA:16,0
DA:17,0
DA:18,0
DA:19,0
DA:20,0
DA:24,0
DA:25,0
DA:26,0
DA:27,0
DA:28,0
DA:36,0
DA:37,0
DA:40,0
DA:41,0
DA:42,0
DA:43,0
DA:47,0
DA:48,0
DA:49,0
DA:50,0
DA:59,0
DA:60,0
DA:63,0
DA:64,0
DA:65,0
DA:66,0
DA:70,0
DA:71,0
DA:72,0
DA:73,0
DA:82,0
DA:87,0
DA:88,0
DA:89,0
DA:90,0
DA:91,0
DA:96,0
DA:97,0
DA:98,0
DA:100,0
DA:101,0
LF:48
LH:0
end_of_record
SF:lib/providers/transition_provider.dart
DA:25,9
DA:35,0
DA:40,0
DA:42,0
DA:43,0
DA:44,0
DA:45,0
DA:46,0
DA:56,0
DA:62,0
DA:64,0
DA:65,0
DA:68,0
DA:69,0
DA:70,0
DA:71,0
DA:74,0
DA:78,0
DA:79,0
DA:80,0
DA:83,0
DA:87,0
DA:88,0
DA:89,0
DA:92,0
DA:96,0
DA:97,0
DA:98,0
DA:101,0
DA:105,0
DA:106,0
DA:111,0
DA:112,0
DA:113,0
DA:116,0
DA:120,0
DA:121,0
DA:122,0
DA:125,0
DA:129,0
DA:130,0
DA:131,0
DA:134,0
DA:135,0
DA:141,0
DA:142,0
DA:143,0
DA:146,0
DA:147,0
DA:153,0
DA:157,0
DA:158,0
DA:160,0
DA:162,0
DA:163,0
DA:164,0
DA:165,0
DA:166,0
DA:177,0
DA:179,0
DA:183,0
DA:184,0
DA:187,0
DA:188,0
DA:236,0
DA:238,0
DA:239,0
DA:242,0
DA:243,0
DA:245,0
DA:246,0
DA:250,0
DA:251,0
DA:252,0
DA:254,0
DA:258,0
DA:259,0
DA:260,0
DA:261,0
DA:268,0
DA:269,0
DA:274,0
DA:279,0
DA:282,0
DA:284,0
DA:287,0
DA:293,0
DA:296,0
DA:298,0
DA:301,0
DA:307,0
DA:310,0
DA:312,0
LF:93
LH:1
end_of_record
SF:lib/providers/user_agent_util.dart
DA:5,0
DA:6,0
DA:7,0
DA:10,0
DA:11,0
DA:13,0
DA:14,0
DA:15,0
DA:16,0
DA:18,0
DA:19,0
DA:20,0
DA:21,0
DA:23,0
DA:24,0
DA:25,0
DA:26,0
DA:28,0
DA:29,0
DA:30,0
DA:31,0
DA:33,0
DA:34,0
DA:36,0
DA:37,0
DA:41,0
LF:26
LH:0
end_of_record
SF:lib/widgets/error_state_widget.dart
DA:28,2
DA:38,2
DA:40,2
DA:41,4
DA:44,6
DA:45,6
DA:46,2
DA:50,2
DA:51,2
DA:52,4
DA:53,2
DA:55,2
DA:57,2
DA:58,2
DA:59,2
DA:60,2
DA:62,4
DA:65,2
DA:66,4
DA:67,2
DA:68,2
DA:69,4
DA:70,2
DA:71,2
DA:76,4
DA:79,2
DA:80,4
DA:81,2
DA:82,4
DA:84,2
DA:85,2
DA:86,4
DA:90,4
DA:93,2
DA:101,2
DA:106,2
DA:109,4
DA:110,2
DA:111,2
DA:112,4
DA:113,2
DA:115,4
DA:117,2
DA:118,2
DA:119,4
DA:121,2
DA:122,2
DA:123,2
DA:131,2
DA:133,2
DA:135,2
DA:136,2
DA:137,4
DA:138,2
DA:140,4
DA:143,2
DA:144,4
DA:145,6
DA:146,2
DA:147,2
DA:148,2
DA:156,2
DA:158,4
DA:159,1
DA:161,2
DA:163,2
DA:164,2
DA:165,4
DA:166,2
DA:173,0
DA:174,0
DA:175,0
DA:176,0
DA:178,0
DA:179,0
DA:182,0
DA:187,0
DA:188,0
DA:190,0
DA:192,0
DA:194,0
DA:199,0
DA:200,0
DA:201,0
DA:203,0
DA:206,0
DA:207,0
DA:208,0
DA:209,0
DA:210,0
DA:212,0
DA:213,0
DA:215,0
DA:223,0
DA:226,0
DA:227,0
DA:229,0
DA:232,0
DA:234,0
DA:236,0
DA:238,0
DA:240,0
DA:241,0
DA:242,0
DA:243,0
DA:244,0
DA:247,0
DA:249,0
DA:250,0
DA:252,0
DA:254,0
DA:258,0
DA:259,0
DA:260,0
DA:261,0
DA:269,0
DA:270,0
DA:272,0
DA:273,0
DA:274,0
DA:275,0
DA:276,0
DA:279,0
DA:281,0
DA:282,0
DA:288,0
DA:289,0
DA:290,0
DA:291,0
DA:293,0
DA:302,0
DA:303,0
DA:305,0
DA:308,0
DA:309,0
DA:310,0
DA:311,0
DA:312,0
DA:314,0
DA:315,0
DA:317,0
DA:319,0
DA:325,0
DA:328,0
DA:329,0
DA:331,0
DA:333,0
DA:334,0
DA:335,0
DA:336,0
DA:337,0
DA:340,0
DA:342,0
DA:343,0
DA:344,0
DA:345,0
DA:347,0
DA:351,0
DA:353,0
DA:355,0
DA:361,0
DA:362,0
DA:363,0
DA:364,0
DA:372,0
DA:373,0
DA:374,0
DA:375,0
DA:377,0
DA:386,0
DA:388,0
DA:390,0
DA:392,0
DA:394,0
DA:396,0
DA:398,0
LF:176
LH:69
end_of_record
SF:lib/widgets/loading_state_widget.dart
DA:27,4
DA:39,1
DA:40,1
DA:49,1
DA:54,1
DA:64,1
DA:65,1
DA:73,2
DA:75,2
DA:76,6
DA:77,4
DA:79,2
DA:81,2
DA:82,2
DA:83,2
DA:84,4
DA:85,2
DA:88,2
DA:90,2
DA:93,6
DA:94,4
DA:95,2
DA:105,2
DA:106,2
DA:107,1
DA:110,2
DA:113,2
DA:115,2
DA:121,2
DA:122,2
DA:123,2
DA:124,2
DA:125,2
DA:126,4
DA:127,2
DA:128,2
DA:129,4
DA:130,2
DA:131,6
DA:142,1
DA:148,1
DA:152,1
DA:166,1
DA:172,1
DA:176,1
DA:183,1
DA:184,1
DA:187,1
DA:188,1
DA:189,1
DA:199,1
DA:207,1
DA:212,1
DA:214,1
DA:224,1
DA:227,1
DA:229,1
DA:230,2
DA:231,1
LF:59
LH:59
end_of_record
SF:lib/providers/ad_provider.dart
DA:35,2
DA:45,0
DA:54,0
DA:55,0
DA:56,0
DA:57,0
DA:58,0
DA:59,0
DA:60,0
DA:61,0
DA:68,0
DA:69,0
DA:72,0
DA:74,0
DA:75,0
DA:78,0
DA:79,0
DA:80,0
DA:82,0
DA:85,0
DA:91,0
DA:97,0
DA:98,0
DA:99,0
DA:100,0
DA:105,0
DA:106,0
DA:107,0
DA:110,0
DA:113,0
DA:114,0
DA:115,0
DA:117,0
DA:121,0
DA:122,0
DA:123,0
DA:124,0
DA:126,0
DA:127,0
DA:129,0
DA:134,0
DA:135,0
DA:136,0
DA:138,0
DA:139,0
DA:144,0
DA:148,0
DA:149,0
DA:150,0
DA:152,0
DA:154,0
DA:156,0
DA:159,0
DA:160,0
DA:161,0
DA:166,0
DA:168,0
DA:169,0
DA:176,0
DA:177,0
DA:178,0
DA:182,0
DA:183,0
DA:186,0
DA:187,0
DA:188,0
DA:192,0
DA:193,0
DA:195,0
DA:196,0
DA:197,0
DA:204,0
DA:208,0
DA:209,0
DA:210,0
DA:213,0
DA:214,0
DA:215,0
DA:217,0
DA:221,0
DA:222,0
DA:225,0
DA:226,0
DA:227,0
DA:228,0
DA:229,0
DA:234,0
DA:235,0
DA:242,0
DA:243,0
DA:244,0
DA:247,0
DA:248,0
DA:249,0
DA:254,0
DA:257,0
DA:258,0
DA:259,0
DA:260,0
DA:261,0
DA:262,0
DA:263,0
DA:264,0
DA:266,0
DA:267,0
DA:269,0
DA:273,0
DA:275,0
DA:283,0
DA:284,0
DA:285,0
DA:286,0
DA:287,0
DA:290,0
DA:291,0
DA:292,0
DA:293,0
DA:294,0
DA:295,0
DA:300,0
DA:301,0
DA:302,0
DA:309,0
DA:315,0
DA:316,0
DA:322,0
DA:323,0
DA:325,0
DA:326,0
DA:327,0
DA:328,0
DA:329,0
DA:333,0
DA:335,0
DA:337,0
DA:338,0
DA:339,0
DA:346,0
DA:347,0
DA:348,0
DA:349,0
DA:350,0
DA:351,0
DA:353,0
DA:359,0
DA:360,0
DA:364,0
DA:365,0
DA:369,0
DA:370,0
DA:371,0
DA:375,0
DA:376,0
DA:377,0
DA:380,0
DA:381,0
DA:382,0
DA:385,0
DA:387,0
DA:388,0
DA:389,0
DA:390,0
DA:391,0
DA:392,0
DA:393,0
DA:401,0
DA:403,0
DA:404,0
DA:407,0
DA:408,0
DA:409,0
DA:412,0
DA:414,0
DA:415,0
DA:420,0
DA:421,0
DA:425,0
DA:426,0
DA:429,0
DA:430,0
DA:433,0
DA:434,0
DA:435,0
DA:436,0
DA:439,0
DA:440,0
DA:441,0
DA:442,0
LF:188
LH:1
end_of_record
SF:lib/providers/sbd_tokens_provider.dart
DA:14,1
DA:21,0
DA:27,0
DA:28,0
DA:29,0
DA:31,0
DA:38,3
DA:40,0
DA:41,0
DA:42,0
DA:45,0
DA:46,0
DA:47,0
DA:48,0
DA:51,0
DA:52,0
DA:54,0
DA:55,0
DA:56,0
DA:57,0
DA:58,0
DA:59,0
DA:60,0
DA:61,0
DA:63,0
DA:64,0
DA:65,0
DA:66,0
DA:67,0
DA:69,0
DA:72,0
DA:76,0
DA:77,0
DA:79,0
DA:80,0
DA:81,0
DA:82,0
DA:83,0
DA:85,0
DA:86,0
DA:89,0
DA:94,0
DA:95,0
DA:96,0
DA:99,0
DA:100,0
DA:103,0
DA:104,0
DA:106,0
DA:107,0
DA:110,0
DA:115,0
DA:117,0
DA:118,0
DA:120,0
DA:121,0
DA:122,0
DA:123,0
DA:124,0
DA:125,0
DA:126,0
DA:128,0
DA:129,0
DA:130,0
DA:131,0
DA:132,0
DA:136,0
DA:137,0
DA:139,0
DA:141,0
DA:144,0
DA:149,0
DA:150,0
DA:152,0
DA:153,0
DA:154,0
DA:155,0
DA:156,0
DA:158,0
DA:159,0
DA:162,0
DA:167,0
DA:168,0
DA:173,0
DA:174,0
DA:176,0
DA:180,0
DA:186,4
DA:187,1
LF:89
LH:4
end_of_record
SF:lib/providers/theme_provider.dart
DA:30,3
DA:31,1
DA:32,1
DA:33,1
DA:34,1
DA:35,1
DA:36,1
DA:37,1
DA:38,1
DA:39,1
DA:40,1
DA:41,1
DA:42,1
DA:43,1
DA:44,1
DA:45,1
DA:46,1
DA:47,1
DA:48,1
DA:49,1
DA:50,1
DA:51,1
DA:52,1
DA:53,1
DA:54,1
DA:57,0
DA:84,0
DA:111,0
DA:136,0
DA:151,0
DA:168,4
DA:176,2
DA:177,1
DA:180,1
DA:181,2
DA:182,0
DA:183,0
DA:187,0
DA:188,0
DA:189,0
DA:190,0
DA:196,4
DA:197,2
DA:198,1
DA:202,4
DA:203,2
DA:204,2
LF:47
LH:36
end_of_record
SF:lib/themes/light_theme.dart
DA:11,3
DA:46,1
DA:47,1
DA:51,1
DA:52,1
DA:53,1
DA:63,1
DA:64,1
DA:142,1
DA:145,1
DA:146,1
DA:147,1
DA:180,1
DA:195,1
DA:198,1
DA:199,1
DA:205,1
DA:211,1
DA:212,1
DA:216,1
DA:220,1
DA:242,1
DA:243,1
DA:244,0
DA:249,1
DA:250,0
DA:251,0
DA:257,1
DA:258,1
DA:259,0
DA:264,1
DA:266,1
DA:267,1
DA:271,1
DA:272,1
DA:273,0
DA:292,1
DA:293,1
DA:295,1
LF:39
LH:34
end_of_record
SF:lib/themes/dark_theme.dart
DA:11,3
DA:46,1
DA:47,1
DA:51,1
DA:52,1
DA:53,1
DA:63,1
DA:64,1
DA:142,1
DA:146,1
DA:147,1
DA:195,1
DA:198,1
DA:199,1
DA:205,1
DA:211,1
DA:212,1
DA:216,1
DA:220,1
DA:242,1
DA:243,1
DA:244,0
DA:249,1
DA:250,0
DA:251,0
DA:257,1
DA:258,1
DA:259,0
DA:264,1
DA:266,1
DA:267,1
DA:271,1
DA:272,1
DA:273,0
DA:292,1
DA:293,1
DA:294,1
DA:295,1
LF:38
LH:33
end_of_record
SF:lib/themes/serenity_green_theme.dart
DA:12,3
DA:47,1
DA:48,1
DA:52,1
DA:53,1
DA:54,1
DA:64,1
DA:65,1
DA:143,1
DA:146,1
DA:147,1
DA:148,1
DA:181,1
DA:196,1
DA:199,1
DA:200,1
DA:206,1
DA:212,1
DA:213,1
DA:217,1
DA:221,1
DA:232,1
DA:243,1
DA:244,1
DA:245,0
DA:250,1
DA:251,0
DA:252,0
DA:258,1
DA:259,1
DA:260,0
DA:265,1
DA:267,1
DA:268,1
DA:272,1
DA:273,1
DA:274,0
DA:317,1
DA:318,1
DA:320,1
LF:40
LH:35
end_of_record
SF:lib/themes/pacific_blue_theme.dart
DA:12,3
DA:47,1
DA:48,1
DA:52,1
DA:53,1
DA:54,1
DA:64,1
DA:65,1
DA:143,1
DA:146,1
DA:147,1
DA:148,1
DA:181,1
DA:196,1
DA:199,1
DA:200,1
DA:206,1
DA:212,1
DA:213,1
DA:217,1
DA:221,1
DA:243,1
DA:244,1
DA:245,0
DA:250,1
DA:251,0
DA:252,0
DA:258,1
DA:259,1
DA:260,0
DA:265,1
DA:267,1
DA:268,1
DA:272,1
DA:273,1
DA:274,0
DA:293,1
DA:294,1
DA:296,1
LF:39
LH:34
end_of_record
SF:lib/themes/blush_rose_theme.dart
DA:12,3
DA:47,1
DA:48,1
DA:52,1
DA:53,1
DA:54,1
DA:64,1
DA:65,1
DA:143,1
DA:146,1
DA:147,1
DA:148,1
DA:181,1
DA:196,1
DA:199,1
DA:200,1
DA:206,1
DA:212,1
DA:213,1
DA:217,1
DA:221,1
DA:243,1
DA:244,1
DA:245,0
DA:250,1
DA:251,0
DA:252,0
DA:258,1
DA:259,1
DA:260,0
DA:265,1
DA:267,1
DA:268,1
DA:272,1
DA:273,1
DA:274,0
DA:293,1
DA:294,1
DA:296,1
LF:39
LH:34
end_of_record
SF:lib/themes/cloud_gray_theme.dart
DA:12,3
DA:47,1
DA:48,1
DA:52,1
DA:53,1
DA:54,1
DA:64,1
DA:65,1
DA:143,1
DA:146,1
DA:147,1
DA:148,1
DA:181,1
DA:196,1
DA:199,1
DA:200,1
DA:206,1
DA:212,1
DA:213,1
DA:217,1
DA:221,1
DA:243,1
DA:244,1
DA:245,0
DA:250,1
DA:251,0
DA:252,0
DA:258,1
DA:259,1
DA:260,0
DA:265,1
DA:267,1
DA:268,1
DA:272,1
DA:273,1
DA:274,0
DA:293,1
DA:294,1
DA:296,1
LF:39
LH:34
end_of_record
SF:lib/themes/sunset_peach_theme.dart
DA:12,3
DA:47,1
DA:48,1
DA:52,1
DA:53,1
DA:54,1
DA:64,1
DA:65,1
DA:143,1
DA:146,1
DA:147,1
DA:148,1
DA:181,1
DA:183,1
DA:185,1
DA:186,2
DA:196,1
DA:199,1
DA:200,1
DA:206,1
DA:212,1
DA:213,1
DA:217,1
DA:221,1
DA:243,1
DA:244,1
DA:245,0
DA:250,1
DA:251,0
DA:252,0
DA:258,1
DA:259,1
DA:260,0
DA:265,1
DA:267,1
DA:268,1
DA:272,1
DA:273,1
DA:274,0
DA:293,1
DA:294,1
DA:296,1
LF:42
LH:37
end_of_record
SF:lib/themes/midnight_lavender_theme.dart
DA:12,3
DA:47,1
DA:48,1
DA:52,1
DA:53,1
DA:54,1
DA:64,1
DA:65,1
DA:143,1
DA:146,1
DA:147,1
DA:148,1
DA:181,1
DA:196,1
DA:199,1
DA:200,1
DA:206,1
DA:212,1
DA:213,1
DA:217,1
DA:219,1
DA:221,1
DA:243,1
DA:244,1
DA:245,0
DA:250,1
DA:251,0
DA:252,0
DA:258,1
DA:259,1
DA:260,0
DA:265,1
DA:267,1
DA:268,1
DA:272,1
DA:273,1
DA:274,0
DA:293,1
DA:294,1
DA:296,1
LF:40
LH:35
end_of_record
SF:lib/themes/crimson_red_theme.dart
DA:12,3
DA:47,1
DA:48,1
DA:52,1
DA:53,1
DA:54,1
DA:64,1
DA:65,1
DA:143,1
DA:146,1
DA:147,1
DA:148,1
DA:181,1
DA:196,1
DA:199,1
DA:200,1
DA:205,1
DA:211,1
DA:212,1
DA:216,1
DA:220,1
DA:242,1
DA:243,1
DA:244,0
DA:249,1
DA:250,0
DA:251,0
DA:257,1
DA:258,1
DA:259,0
DA:264,1
DA:266,1
DA:267,1
DA:271,1
DA:272,1
DA:273,0
DA:292,1
DA:293,1
DA:295,1
LF:39
LH:34
end_of_record
SF:lib/themes/forest_green_theme.dart
DA:12,3
DA:47,1
DA:48,1
DA:52,1
DA:53,1
DA:54,1
DA:64,1
DA:65,1
DA:143,1
DA:146,1
DA:147,1
DA:148,1
DA:181,1
DA:196,1
DA:199,1
DA:200,1
DA:205,1
DA:211,1
DA:212,1
DA:216,1
DA:220,1
DA:242,1
DA:243,1
DA:244,0
DA:249,1
DA:250,0
DA:251,0
DA:257,1
DA:258,1
DA:259,0
DA:264,1
DA:266,1
DA:267,1
DA:271,1
DA:272,1
DA:273,0
DA:292,1
DA:293,1
DA:295,1
LF:39
LH:34
end_of_record
SF:lib/themes/golden_yellow_theme.dart
DA:12,3
DA:47,1
DA:48,1
DA:52,1
DA:53,1
DA:54,1
DA:64,1
DA:65,1
DA:143,1
DA:146,1
DA:147,1
DA:148,1
DA:181,1
DA:183,1
DA:185,1
DA:186,2
DA:196,1
DA:199,1
DA:200,1
DA:205,1
DA:211,1
DA:212,1
DA:216,1
DA:220,1
DA:242,1
DA:243,1
DA:244,0
DA:249,1
DA:250,0
DA:251,0
DA:257,1
DA:258,1
DA:259,0
DA:264,1
DA:266,1
DA:267,1
DA:271,1
DA:272,1
DA:273,0
DA:292,1
DA:293,1
DA:295,1
LF:42
LH:37
end_of_record
SF:lib/themes/deep_purple_theme.dart
DA:12,3
DA:47,1
DA:48,1
DA:52,1
DA:53,1
DA:54,1
DA:64,1
DA:65,1
DA:143,1
DA:146,1
DA:147,1
DA:148,1
DA:181,1
DA:183,1
DA:185,1
DA:186,2
DA:196,1
DA:199,1
DA:200,1
DA:205,1
DA:211,1
DA:212,1
DA:216,1
DA:220,1
DA:231,1
DA:242,1
DA:243,1
DA:244,0
DA:249,1
DA:250,0
DA:251,0
DA:257,1
DA:258,1
DA:259,0
DA:264,1
DA:266,1
DA:267,1
DA:271,1
DA:272,1
DA:273,0
DA:292,1
DA:293,1
DA:295,1
LF:43
LH:38
end_of_record
SF:lib/themes/blush_rose_theme_dark.dart
DA:11,3
DA:46,1
DA:47,1
DA:51,1
DA:52,1
DA:53,1
DA:63,1
DA:64,1
DA:142,1
DA:145,1
DA:146,1
DA:147,1
DA:180,1
DA:195,1
DA:198,1
DA:199,1
DA:204,1
DA:210,1
DA:211,1
DA:215,1
DA:219,1
DA:241,1
DA:242,1
DA:243,0
DA:248,1
DA:249,0
DA:250,0
DA:256,1
DA:257,1
DA:258,0
DA:263,1
DA:265,1
DA:266,1
DA:270,1
DA:271,1
DA:272,0
DA:291,1
DA:292,1
DA:294,1
LF:39
LH:34
end_of_record
SF:lib/themes/deep_purple_theme_dark.dart
DA:12,3
DA:47,1
DA:48,1
DA:52,1
DA:53,1
DA:54,1
DA:64,1
DA:65,1
DA:143,1
DA:146,1
DA:147,1
DA:148,1
DA:181,1
DA:196,1
DA:199,1
DA:200,1
DA:205,1
DA:211,1
DA:212,1
DA:216,1
DA:220,1
DA:242,1
DA:243,1
DA:244,0
DA:249,1
DA:250,0
DA:251,0
DA:257,1
DA:258,1
DA:259,0
DA:264,1
DA:266,1
DA:267,1
DA:271,1
DA:272,1
DA:273,0
DA:292,1
DA:293,1
DA:295,1
LF:39
LH:34
end_of_record
SF:lib/themes/forest_green_theme_dark.dart
DA:12,3
DA:47,1
DA:48,1
DA:52,1
DA:53,1
DA:54,1
DA:64,1
DA:65,1
DA:143,1
DA:146,1
DA:147,1
DA:148,1
DA:181,1
DA:196,1
DA:199,1
DA:200,1
DA:205,1
DA:211,1
DA:212,1
DA:216,1
DA:220,1
DA:242,1
DA:243,1
DA:244,0
DA:249,1
DA:250,0
DA:251,0
DA:257,1
DA:258,1
DA:259,0
DA:264,1
DA:266,1
DA:267,1
DA:271,1
DA:272,1
DA:273,0
DA:292,1
DA:293,1
DA:295,1
LF:39
LH:34
end_of_record
SF:lib/themes/golden_yellow_theme_dark.dart
DA:12,3
DA:47,1
DA:48,1
DA:52,1
DA:53,1
DA:54,1
DA:64,1
DA:65,1
DA:143,1
DA:146,1
DA:147,1
DA:148,1
DA:181,1
DA:196,1
DA:199,1
DA:200,1
DA:205,1
DA:211,1
DA:212,1
DA:216,1
DA:220,1
DA:242,1
DA:243,1
DA:244,0
DA:249,1
DA:250,0
DA:251,0
DA:257,1
DA:258,1
DA:259,0
DA:264,1
DA:266,1
DA:267,1
DA:271,1
DA:272,1
DA:273,0
DA:292,1
DA:293,1
DA:295,1
LF:39
LH:34
end_of_record
SF:lib/themes/midnight_lavender_theme_light.dart
DA:12,3
DA:47,1
DA:48,1
DA:52,1
DA:53,2
DA:59,1
DA:60,1
DA:88,1
DA:91,1
DA:92,2
DA:124,1
DA:133,1
DA:136,2
DA:140,1
DA:146,2
DA:149,1
DA:153,1
DA:175,1
DA:176,1
DA:177,0
DA:178,1
DA:179,0
DA:182,1
DA:183,1
DA:184,0
DA:185,1
DA:187,2
DA:190,1
DA:191,1
DA:192,0
DA:205,1
DA:206,1
DA:208,1
LF:33
LH:29
end_of_record
SF:lib/themes/pacific_blue_theme_dark.dart
DA:12,3
DA:47,1
DA:48,1
DA:52,1
DA:53,1
DA:54,1
DA:64,1
DA:65,1
DA:143,1
DA:146,1
DA:147,1
DA:148,1
DA:181,1
DA:196,1
DA:199,1
DA:200,1
DA:205,1
DA:211,1
DA:212,1
DA:216,1
DA:220,1
DA:242,1
DA:243,1
DA:244,0
DA:249,1
DA:250,0
DA:251,0
DA:257,1
DA:258,1
DA:259,0
DA:264,1
DA:266,1
DA:267,1
DA:271,1
DA:272,1
DA:273,0
DA:292,1
DA:293,1
DA:295,1
LF:39
LH:34
end_of_record
SF:lib/themes/serenity_green_theme_dark.dart
DA:12,3
DA:47,1
DA:48,1
DA:52,1
DA:53,1
DA:54,1
DA:61,1
DA:62,1
DA:90,1
DA:93,1
DA:94,2
DA:126,1
DA:135,1
DA:138,2
DA:142,1
DA:148,2
DA:151,1
DA:155,1
DA:177,1
DA:178,1
DA:179,0
DA:180,1
DA:181,0
DA:184,1
DA:185,1
DA:186,0
DA:187,1
DA:189,2
DA:192,1
DA:193,1
DA:194,0
DA:229,1
DA:230,1
DA:232,1
LF:34
LH:30
end_of_record
SF:lib/themes/sunset_peach_theme_dark.dart
DA:12,3
DA:47,1
DA:48,1
DA:52,1
DA:53,2
DA:59,1
DA:60,1
DA:88,1
DA:91,1
DA:92,2
DA:124,1
DA:133,1
DA:136,2
DA:140,1
DA:146,2
DA:149,1
DA:153,1
DA:175,1
DA:176,1
DA:177,0
DA:178,1
DA:179,0
DA:182,1
DA:183,1
DA:184,0
DA:185,1
DA:187,2
DA:190,1
DA:191,1
DA:192,0
DA:205,1
DA:206,1
DA:208,1
LF:33
LH:29
end_of_record
SF:lib/themes/royal_orange_theme.dart
DA:13,3
DA:45,1
DA:46,1
DA:50,1
DA:51,1
DA:52,1
DA:61,1
DA:62,1
DA:136,1
DA:139,1
DA:140,1
DA:141,1
DA:171,1
DA:184,1
DA:187,1
DA:188,1
DA:192,1
DA:198,1
DA:199,1
DA:202,1
DA:206,1
DA:225,1
DA:226,1
DA:227,0
DA:232,1
DA:233,0
DA:234,0
DA:239,1
DA:240,1
DA:241,0
DA:246,1
DA:248,1
DA:249,1
DA:252,1
DA:253,1
DA:254,0
DA:271,1
DA:272,1
DA:274,1
LF:39
LH:34
end_of_record
SF:lib/themes/royal_orange_theme_dark.dart
DA:13,3
DA:48,1
DA:49,1
DA:53,1
DA:54,1
DA:55,1
DA:65,1
DA:66,1
DA:144,1
DA:147,1
DA:148,1
DA:149,1
DA:182,1
DA:197,1
DA:200,1
DA:201,1
DA:206,1
DA:212,1
DA:213,1
DA:217,1
DA:221,1
DA:243,1
DA:244,1
DA:245,0
DA:250,1
DA:251,0
DA:252,0
DA:258,1
DA:259,1
DA:260,0
DA:265,1
DA:267,1
DA:268,1
DA:272,1
DA:273,1
DA:274,0
DA:293,1
DA:294,1
DA:296,1
LF:39
LH:34
end_of_record
SF:lib/themes/cloud_gray_theme_dark.dart
DA:11,3
DA:46,1
DA:47,1
DA:51,1
DA:52,1
DA:53,1
DA:63,1
DA:64,1
DA:142,1
DA:145,1
DA:146,1
DA:147,1
DA:180,1
DA:195,1
DA:198,1
DA:199,1
DA:204,1
DA:210,1
DA:211,1
DA:215,1
DA:219,1
DA:241,1
DA:242,1
DA:243,0
DA:248,1
DA:249,0
DA:250,0
DA:256,1
DA:257,1
DA:258,0
DA:263,1
DA:265,1
DA:266,1
DA:270,1
DA:271,1
DA:272,0
DA:291,1
DA:292,1
DA:294,1
LF:39
LH:34
end_of_record
SF:lib/themes/crimson_red_theme_dark.dart
DA:11,3
DA:46,1
DA:47,1
DA:51,1
DA:52,1
DA:53,1
DA:63,1
DA:64,1
DA:142,1
DA:145,1
DA:146,1
DA:147,1
DA:180,1
DA:195,1
DA:198,1
DA:199,1
DA:204,1
DA:210,1
DA:211,1
DA:215,1
DA:219,1
DA:241,1
DA:242,1
DA:243,0
DA:248,1
DA:249,0
DA:250,0
DA:256,1
DA:257,1
DA:258,0
DA:263,1
DA:265,1
DA:266,1
DA:270,1
DA:271,1
DA:272,0
DA:291,1
DA:292,1
DA:294,1
LF:39
LH:34
end_of_record
SF:lib/screens/currency/transactions/variant1.dart
DA:9,2
DA:11,0
DA:12,0
DA:23,0
DA:25,0
DA:27,0
DA:28,0
DA:32,0
DA:33,0
DA:34,0
DA:36,0
DA:37,0
DA:38,0
DA:39,0
DA:43,0
DA:44,0
DA:45,0
DA:46,0
DA:48,0
DA:50,0
DA:52,0
DA:53,0
DA:54,0
DA:57,0
DA:58,0
DA:61,0
DA:62,0
DA:67,0
DA:69,0
DA:70,0
DA:71,0
DA:73,0
DA:74,0
DA:77,0
DA:78,0
DA:79,0
DA:80,0
DA:82,0
DA:83,0
DA:84,0
DA:85,0
DA:86,0
DA:87,0
DA:91,0
DA:93,0
DA:94,0
DA:95,0
DA:97,0
DA:99,0
DA:100,0
DA:102,0
DA:103,0
DA:104,0
DA:105,0
DA:106,0
DA:107,0
DA:114,0
DA:115,0
DA:118,0
DA:119,0
DA:121,0
DA:124,0
DA:125,0
DA:126,0
DA:128,0
DA:129,0
DA:130,0
LF:67
LH:1
end_of_record
SF:lib/widgets/transaction_card.dart
DA:7,0
DA:10,0
DA:11,0
DA:13,0
DA:15,0
DA:16,0
DA:17,0
DA:18,0
DA:20,0
DA:21,0
DA:32,0
DA:34,0
DA:36,0
DA:37,0
DA:38,0
DA:39,0
DA:49,0
DA:50,0
DA:51,0
DA:52,0
DA:53,0
DA:55,0
DA:56,0
DA:59,0
DA:60,0
DA:61,0
DA:63,0
DA:66,0
DA:68,0
DA:69,0
DA:71,0
DA:72,0
DA:73,0
DA:78,0
DA:80,0
DA:82,0
LF:36
LH:0
end_of_record
SF:lib/screens/currency/variant1.dart
DA:34,0
DA:35,0
DA:38,0
DA:41,0
DA:42,0
DA:44,0
DA:45,0
DA:46,0
DA:47,0
DA:48,0
DA:49,0
DA:51,0
DA:52,0
DA:60,0
DA:62,0
DA:63,0
DA:81,0
DA:83,0
DA:84,0
DA:85,0
DA:88,0
DA:89,0
DA:92,0
DA:95,0
DA:96,0
DA:101,0
DA:102,0
DA:103,0
DA:104,0
DA:105,0
DA:106,0
DA:108,0
DA:109,0
DA:110,0
DA:112,0
DA:113,0
DA:117,0
DA:118,0
DA:119,0
DA:120,0
DA:121,0
DA:125,0
DA:126,0
DA:127,0
DA:128,0
DA:129,0
DA:130,0
DA:131,0
DA:132,0
DA:133,0
DA:134,0
DA:135,0
DA:140,0
DA:141,0
DA:145,0
DA:146,0
DA:148,0
DA:162,0
DA:164,0
DA:165,0
DA:166,0
DA:167,0
DA:170,0
DA:171,0
DA:172,0
DA:177,0
DA:178,0
DA:179,0
DA:180,0
DA:182,0
DA:183,0
DA:185,0
DA:189,0
DA:190,0
DA:191,0
DA:194,0
DA:195,0
DA:196,0
DA:197,0
DA:198,0
DA:201,0
DA:202,0
DA:203,0
DA:204,0
DA:205,0
DA:206,0
DA:207,0
DA:208,0
DA:210,0
DA:212,0
DA:213,0
DA:214,0
DA:215,0
DA:216,0
DA:218,0
DA:225,0
DA:226,0
DA:227,0
DA:228,0
DA:229,0
DA:230,0
DA:231,0
DA:232,0
DA:234,0
DA:236,0
DA:237,0
DA:239,0
DA:241,0
DA:245,0
DA:246,0
DA:247,0
DA:248,0
DA:249,0
DA:250,0
DA:251,0
DA:253,0
DA:258,0
DA:267,0
DA:269,0
DA:272,0
DA:274,0
DA:278,0
DA:280,0
DA:281,0
DA:282,0
DA:283,0
DA:284,0
DA:285,0
DA:287,0
DA:297,0
DA:298,0
DA:299,0
DA:300,0
DA:301,0
DA:302,0
DA:303,0
DA:304,0
DA:307,0
DA:309,0
DA:310,0
DA:312,0
DA:314,0
DA:316,0
DA:320,0
DA:321,0
DA:322,0
DA:323,0
DA:324,0
DA:326,0
DA:327,0
DA:328,0
DA:329,0
DA:330,0
DA:331,0
DA:332,0
DA:333,0
DA:340,0
DA:342,0
DA:344,0
DA:345,0
DA:346,0
DA:347,0
DA:348,0
DA:349,0
DA:351,0
DA:362,0
DA:364,0
DA:365,0
DA:367,0
DA:368,0
DA:374,0
DA:375,0
DA:376,0
DA:377,0
DA:378,0
DA:379,0
DA:380,0
DA:381,0
DA:382,0
DA:383,0
DA:384,0
DA:386,0
DA:388,0
DA:390,0
DA:392,0
DA:394,0
DA:396,0
DA:397,0
DA:399,0
DA:401,0
DA:402,0
DA:403,0
DA:404,0
DA:414,0
DA:415,0
DA:416,0
DA:420,0
DA:422,0
DA:430,0
DA:432,0
DA:434,0
DA:435,0
DA:437,0
DA:438,0
DA:439,0
DA:442,0
DA:451,0
DA:453,0
DA:454,0
DA:455,0
DA:456,0
DA:458,0
DA:459,0
DA:462,0
DA:463,0
DA:465,0
DA:466,0
DA:469,0
DA:472,0
DA:476,0
DA:477,0
DA:478,0
DA:479,0
DA:482,0
DA:483,0
DA:485,0
DA:486,0
DA:489,0
DA:491,0
DA:493,0
DA:499,0
DA:500,0
DA:501,0
DA:502,0
DA:503,0
DA:505,0
DA:506,0
DA:507,0
DA:508,0
DA:509,0
DA:510,0
DA:514,0
DA:515,0
DA:516,0
DA:517,0
DA:521,0
DA:522,0
DA:523,0
DA:527,0
DA:529,0
DA:530,0
DA:534,0
DA:535,0
DA:536,0
DA:538,0
DA:539,0
DA:540,0
DA:541,0
DA:544,0
DA:545,0
DA:546,0
DA:549,0
DA:550,0
DA:553,0
DA:554,0
DA:555,0
DA:556,0
DA:557,0
DA:558,0
DA:564,0
DA:567,0
DA:568,0
DA:570,0
DA:572,0
DA:574,0
DA:576,0
DA:577,0
DA:578,0
DA:579,0
DA:581,0
DA:583,0
DA:584,0
DA:597,0
DA:598,0
DA:600,0
DA:601,0
DA:604,0
DA:606,0
DA:607,0
DA:608,0
DA:610,0
DA:611,0
DA:614,0
DA:616,0
DA:619,0
DA:623,0
DA:624,0
DA:625,0
DA:626,0
DA:628,0
DA:629,0
DA:630,0
DA:632,0
DA:639,0
DA:641,0
DA:643,0
DA:644,0
DA:645,0
DA:647,0
DA:648,0
DA:649,0
DA:652,0
DA:653,0
DA:654,0
DA:656,0
DA:658,0
DA:659,0
DA:661,0
DA:662,0
DA:663,0
DA:666,0
DA:667,0
DA:671,0
DA:672,0
DA:673,0
DA:678,0
DA:679,0
DA:680,0
DA:682,0
DA:683,0
DA:684,0
DA:686,0
DA:687,0
DA:688,0
DA:696,0
DA:698,0
DA:700,0
DA:701,0
DA:702,0
DA:704,0
DA:705,0
DA:706,0
DA:708,0
DA:710,0
DA:711,0
DA:713,0
DA:715,0
DA:720,0
DA:722,0
DA:723,0
DA:728,0
DA:730,0
DA:731,0
DA:732,0
DA:733,0
DA:734,0
DA:736,0
DA:737,0
DA:738,0
DA:748,0
DA:750,0
DA:751,0
DA:752,0
DA:768,0
DA:770,0
DA:771,0
DA:772,0
DA:773,0
DA:774,0
DA:775,0
DA:776,0
DA:779,0
DA:784,0
DA:785,0
DA:786,0
DA:789,0
DA:790,0
DA:792,0
DA:795,0
DA:796,0
DA:797,0
DA:799,0
DA:800,0
DA:801,0
DA:810,0
DA:811,0
DA:812,0
DA:814,0
DA:820,0
DA:826,0
DA:827,0
DA:828,0
DA:829,0
DA:830,0
DA:831,0
DA:832,0
DA:833,0
DA:834,0
DA:835,0
DA:836,0
DA:837,0
DA:838,0
DA:840,0
DA:843,0
DA:845,0
DA:847,0
DA:848,0
DA:849,0
DA:850,0
DA:851,0
DA:857,0
DA:858,0
DA:859,0
DA:860,0
DA:861,0
DA:862,0
DA:863,0
DA:865,0
DA:872,0
DA:873,0
DA:875,0
DA:877,0
DA:882,0
DA:883,0
DA:885,0
DA:887,0
DA:892,0
DA:893,0
DA:894,0
DA:895,0
DA:896,0
DA:897,0
DA:899,0
DA:901,0
DA:902,0
DA:907,0
DA:908,0
DA:909,0
DA:910,0
DA:911,0
DA:912,0
DA:913,0
DA:914,0
DA:915,0
DA:916,0
DA:917,0
DA:919,0
DA:921,0
DA:925,0
DA:926,0
DA:927,0
DA:928,0
DA:929,0
DA:930,0
DA:933,0
DA:934,0
DA:935,0
DA:936,0
DA:937,0
DA:938,0
DA:940,0
DA:957,0
DA:959,0
DA:960,0
DA:968,0
DA:970,0
DA:971,0
DA:972,0
DA:974,0
DA:976,0
DA:977,0
DA:979,0
DA:981,0
DA:982,0
DA:983,0
DA:984,0
DA:985,0
DA:986,0
DA:987,0
DA:988,0
DA:989,0
DA:990,0
DA:991,0
DA:994,0
DA:995,0
DA:997,0
DA:998,0
DA:999,0
DA:1000,0
DA:1001,0
DA:1002,0
DA:1007,0
DA:1010,0
DA:1011,0
DA:1014,0
DA:1015,0
DA:1016,0
DA:1017,0
DA:1018,0
DA:1019,0
DA:1023,0
DA:1030,0
DA:1032,0
DA:1037,0
DA:1038,0
DA:1039,0
DA:1041,0
DA:1043,0
DA:1047,0
DA:1048,0
DA:1049,0
DA:1051,0
DA:1053,0
DA:1057,0
DA:1058,0
DA:1059,0
DA:1061,0
DA:1063,0
DA:1067,0
DA:1068,0
DA:1069,0
DA:1071,0
DA:1073,0
DA:1074,0
DA:1076,0
DA:1077,0
DA:1079,0
DA:1080,0
DA:1081,0
DA:1082,0
DA:1090,0
DA:1093,0
DA:1094,0
DA:1095,0
DA:1096,0
DA:1098,0
DA:1100,0
DA:1101,0
DA:1103,0
DA:1104,0
DA:1105,0
DA:1106,0
DA:1107,0
DA:1109,0
DA:1110,0
DA:1111,0
DA:1118,0
DA:1119,0
DA:1120,0
DA:1121,0
DA:1122,0
DA:1123,0
DA:1125,0
DA:1133,0
DA:1134,0
DA:1135,0
DA:1136,0
DA:1137,0
DA:1138,0
DA:1139,0
DA:1140,0
DA:1141,0
DA:1143,0
DA:1145,0
DA:1146,0
DA:1147,0
DA:1153,0
DA:1154,0
DA:1155,0
DA:1156,0
DA:1157,0
DA:1158,0
DA:1168,0
DA:1169,0
DA:1170,0
DA:1172,0
DA:1173,0
DA:1174,0
DA:1175,0
DA:1182,0
DA:1183,0
DA:1184,0
DA:1185,0
DA:1186,0
LF:584
LH:0
end_of_record
SF:lib/widgets/custom_app_bar.dart
DA:15,4
DA:23,0
DA:25,1
DA:27,2
DA:28,2
DA:30,1
DA:31,2
DA:32,1
DA:33,0
DA:34,0
DA:35,0
DA:36,0
DA:39,1
DA:40,1
DA:41,1
DA:42,0
DA:43,0
DA:44,0
DA:45,0
DA:46,0
DA:50,0
DA:51,0
DA:52,0
DA:53,0
DA:54,0
DA:55,0
DA:56,0
DA:57,0
DA:61,0
DA:63,0
DA:64,0
DA:66,0
DA:69,0
DA:70,0
DA:71,0
DA:74,0
DA:76,0
DA:77,0
DA:79,0
DA:80,0
DA:81,0
DA:82,0
DA:91,1
DA:93,1
DA:94,2
DA:95,1
DA:99,1
DA:102,0
DA:104,0
DA:105,0
DA:106,0
DA:107,0
DA:109,0
LF:53
LH:15
end_of_record
SF:lib/screens/settings/account/api-tokens/api_tokens_screen.dart
DA:12,3
DA:13,0
DA:14,0
DA:18,1
DA:20,1
DA:22,1
DA:23,2
DA:25,1
DA:31,1
DA:32,0
DA:33,1
DA:35,1
DA:38,1
DA:39,1
DA:41,0
DA:44,1
DA:45,1
DA:46,1
DA:47,1
DA:49,1
DA:50,2
DA:52,1
DA:54,3
DA:59,1
DA:61,3
DA:62,1
DA:71,1
DA:74,1
DA:75,1
DA:76,1
DA:77,1
DA:78,1
DA:81,1
DA:82,2
DA:83,1
DA:84,1
DA:85,1
DA:87,1
DA:88,1
DA:90,1
DA:91,1
DA:92,2
DA:93,1
DA:94,1
DA:98,1
DA:99,1
DA:100,3
DA:102,2
DA:104,1
DA:107,1
DA:109,1
DA:111,1
DA:112,1
DA:113,3
DA:114,3
DA:115,2
DA:118,1
DA:119,0
DA:120,0
DA:121,0
DA:122,0
DA:126,1
DA:128,3
DA:129,1
DA:133,1
DA:134,1
DA:140,1
DA:141,3
DA:144,1
DA:146,1
DA:148,3
DA:149,2
DA:158,1
DA:159,2
DA:160,1
DA:161,1
DA:163,2
DA:166,0
DA:176,1
DA:177,0
DA:178,2
DA:184,1
DA:185,4
DA:188,0
DA:189,0
DA:192,0
DA:193,0
DA:197,0
DA:201,0
DA:206,0
DA:209,0
DA:210,0
DA:211,0
DA:212,0
DA:213,0
DA:215,0
DA:217,0
DA:224,0
DA:227,0
DA:228,0
DA:229,0
DA:230,0
DA:233,0
DA:235,0
DA:236,0
DA:237,0
DA:238,0
DA:239,0
DA:242,0
DA:243,0
DA:244,0
DA:246,0
DA:247,0
DA:249,0
DA:250,0
DA:258,0
DA:259,0
DA:260,0
DA:261,0
DA:263,0
DA:264,0
DA:268,0
DA:269,0
DA:270,0
DA:280,0
DA:282,0
DA:283,0
DA:285,0
DA:287,0
DA:290,0
DA:291,0
DA:292,0
DA:293,0
DA:294,0
DA:296,0
DA:297,0
DA:298,0
DA:303,0
DA:309,0
DA:310,0
DA:313,0
DA:314,0
DA:319,0
DA:320,0
DA:321,0
DA:322,0
DA:323,0
DA:324,0
DA:326,0
DA:329,0
DA:331,0
DA:334,0
DA:340,0
DA:342,0
DA:343,0
DA:351,0
DA:352,0
DA:356,0
DA:357,0
DA:360,0
DA:361,0
DA:362,0
DA:364,0
DA:366,0
DA:368,0
DA:370,0
DA:371,0
DA:372,0
DA:373,0
DA:376,0
DA:377,0
DA:383,0
DA:384,0
DA:388,0
DA:389,0
DA:393,0
DA:394,0
LF:177
LH:73
end_of_record
SF:lib/screens/settings/account/api-tokens/create_token_dialog.dart
DA:7,2
DA:9,0
DA:10,0
DA:19,0
DA:21,0
DA:22,0
DA:25,0
DA:26,0
DA:29,0
DA:32,0
DA:38,0
DA:39,0
DA:43,0
DA:44,0
DA:45,0
DA:49,0
DA:50,0
DA:52,0
DA:54,0
DA:57,0
DA:58,0
DA:59,0
DA:63,0
DA:64,0
DA:65,0
DA:71,0
DA:72,0
DA:74,0
DA:75,0
DA:76,0
DA:77,0
DA:78,0
DA:79,0
DA:80,0
DA:81,0
DA:86,0
DA:95,0
DA:96,0
DA:99,0
DA:100,0
DA:101,0
DA:103,0
DA:105,0
DA:107,0
DA:109,0
DA:110,0
DA:111,0
DA:112,0
DA:115,0
DA:120,0
DA:121,0
DA:125,0
DA:126,0
DA:130,0
DA:138,0
DA:140,0
DA:142,0
DA:143,0
DA:144,0
DA:145,0
DA:146,0
DA:148,0
DA:152,0
DA:154,0
DA:160,0
DA:161,0
DA:162,0
DA:165,0
DA:166,0
DA:168,0
DA:169,0
DA:173,0
DA:174,0
DA:175,0
DA:176,0
DA:179,0
DA:180,0
DA:181,0
DA:185,0
DA:188,0
DA:190,0
DA:192,0
DA:194,0
DA:195,0
DA:196,0
DA:197,0
DA:198,0
DA:201,0
DA:202,0
DA:203,0
DA:205,0
DA:209,0
DA:210,0
DA:211,0
DA:212,0
DA:213,0
DA:224,0
DA:225,0
DA:226,0
DA:227,0
DA:229,0
DA:230,0
DA:234,0
DA:235,0
DA:236,0
DA:237,0
DA:239,0
DA:241,0
DA:242,0
DA:245,0
DA:247,0
DA:258,0
DA:259,0
DA:262,0
LF:114
LH:1
end_of_record
SF:lib/screens/settings/account/api-tokens/token_display_dialog.dart
DA:8,0
DA:10,0
DA:11,0
DA:18,0
DA:19,0
DA:20,0
DA:21,0
DA:22,0
DA:26,0
DA:27,0
DA:28,0
DA:29,0
DA:36,0
DA:38,0
DA:40,0
DA:41,0
DA:42,0
DA:43,0
DA:44,0
DA:46,0
DA:47,0
DA:49,0
DA:57,0
DA:60,0
DA:62,0
DA:64,0
DA:65,0
DA:66,0
DA:67,0
DA:69,0
DA:71,0
DA:72,0
DA:73,0
DA:74,0
DA:75,0
DA:80,0
DA:81,0
DA:82,0
DA:84,0
DA:85,0
DA:87,0
DA:88,0
DA:101,0
DA:104,0
DA:105,0
DA:106,0
DA:107,0
DA:109,0
DA:111,0
DA:112,0
DA:113,0
DA:114,0
DA:116,0
DA:118,0
DA:122,0
DA:123,0
DA:124,0
DA:125,0
DA:128,0
DA:129,0
DA:132,0
DA:133,0
DA:136,0
DA:148,0
DA:151,0
DA:152,0
DA:155,0
DA:156,0
DA:157,0
DA:160,0
DA:161,0
DA:162,0
DA:165,0
DA:170,0
DA:172,0
DA:174,0
DA:175,0
DA:177,0
DA:178,0
DA:181,0
DA:182,0
DA:185,0
DA:187,0
DA:189,0
DA:200,0
DA:202,0
DA:205,0
DA:206,0
DA:207,0
DA:208,0
DA:209,0
DA:212,0
DA:214,0
DA:215,0
DA:216,0
DA:217,0
DA:219,0
DA:223,0
DA:225,0
DA:227,0
DA:233,0
DA:235,0
DA:236,0
DA:240,0
DA:243,0
DA:244,0
DA:245,0
DA:247,0
DA:249,0
DA:251,0
DA:262,0
DA:263,0
DA:264,0
DA:265,0
DA:266,0
DA:267,0
DA:270,0
DA:272,0
DA:273,0
DA:277,0
DA:278,0
DA:279,0
DA:281,0
DA:290,0
DA:294,0
DA:297,0
LF:126
LH:0
end_of_record
